>> line:  -2 pc:   1 java/util/TimeZone.getSystemTimeZoneID(Ljava/lang/String;)Ljava/lang/String; 
>> line: 655 pc:  47 java/util/TimeZone.setDefaultZone()Ljava/util/TimeZone; 
>> line: 636 pc:  11 java/util/TimeZone.getDefaultRef()Ljava/util/TimeZone; 
>> line: 625 pc:   3 java/util/TimeZone.getDefault()Ljava/util/TimeZone; 
>> line: 168 pc:  96 net/i2p/router/Router.<clinit>()V 
>> line:  -1 pc:   0 ~shim.<bootstrap> 
>> line:  -1 pc:   0 ~shim.<return> 
panic: native method not found: java/util/TimeZone~getSystemTimeZoneID~(Ljava/lang/String;)Ljava/lang/String; [recovered]
	panic: native method not found: java/util/TimeZone~getSystemTimeZoneID~(Ljava/lang/String;)Ljava/lang/String;

goroutine 1 [running]:
github.com/zxh0/jvm.go/cpu._catchErr(0xc0000b8de0)
	/media/longterm/go/src/github.com/eyedeekay/jvm.go/cpu/loop.go:119 +0x1a4
panic(0x5defc0, 0xc000e89fb0)
	/usr/lib/go-1.14/src/runtime/panic.go:967 +0x166
github.com/zxh0/jvm.go/native.FindNativeMethod(0xc001480580, 0x7e928e)
	/media/longterm/go/src/github.com/eyedeekay/jvm.go/native/registry.go:35 +0x27e
github.com/zxh0/jvm.go/instructions/reserved.(*InvokeNative).Execute(0x82f200, 0xc000837a80)
	/media/longterm/go/src/github.com/eyedeekay/jvm.go/instructions/reserved/invokenative.go:22 +0x52
github.com/zxh0/jvm.go/cpu._loop(0xc0000b8de0)
	/media/longterm/go/src/github.com/eyedeekay/jvm.go/cpu/loop.go:78 +0xc3
github.com/zxh0/jvm.go/cpu.Loop(0xc0000b8de0)
	/media/longterm/go/src/github.com/eyedeekay/jvm.go/cpu/loop.go:54 +0x42
main.startJVM8(0xc0000be210, 0xc0000ba060, 0x0, 0x0)
	/media/longterm/go/src/github.com/eyedeekay/jvm.go/cmd/java/main.go:127 +0x79
main.main()
	/media/longterm/go/src/github.com/eyedeekay/jvm.go/cmd/java/main.go:44 +0x67
